<?xml version="1.0" encoding="UTF-8"?>
<testsuite name="utility.MeasurementTest" tests="1" skipped="0" failures="0" errors="0" timestamp="2021-03-16T09:27:06" hostname="DESKTOP-AB0UK2U" time="0.059">
  <properties/>
  <testcase name="testThrowsExceptionForZeroValuedDimension()" classname="utility.MeasurementTest" time="0.059"/>
  <system-out><![CDATA[]]></system-out>
  <system-err><![CDATA[]]></system-err>
</testsuite>
