<?xml version="1.0" encoding="UTF-8"?>
<testsuite name="utility.MeasurementTest" tests="6" skipped="0" failures="0" errors="0" timestamp="2021-03-16T13:33:46" hostname="DESKTOP-AB0UK2U" time="0.026">
  <properties/>
  <testcase name="testThrowsExceptionForZeroValuedDimension()" classname="utility.MeasurementTest" time="0.02"/>
  <testcase name="testEqualsIsFalseIfDimensionsAreNotEqual()" classname="utility.MeasurementTest" time="0.001"/>
  <testcase name="testThrowsExceptionForNegativeValuedDimension()" classname="utility.MeasurementTest" time="0.001"/>
  <testcase name="testEqualsIsTrueIfDimensionsAreEqual()" classname="utility.MeasurementTest" time="0.001"/>
  <testcase name="testEqualsIsTrueForSameMeasurementInstance()" classname="utility.MeasurementTest" time="0.0"/>
  <testcase name="testEqualsIsFalseForNonMeasurementInstance()" classname="utility.MeasurementTest" time="0.0"/>
  <system-out><![CDATA[]]></system-out>
  <system-err><![CDATA[]]></system-err>
</testsuite>
